<?xml version="1.0" encoding="UTF-8"?>
<testsuites name="API Test Suite1" time="11" tests="4" failures="0" errors="0">
   <testsuite name="API Test Suite1" tests="4" failures="0" errors="0" time="11" timestamp="2019-03-07 14:57:58" hostname="03628 - SKCC17N00352.SKCC.NET" id="Test Suites/API Test Suite1">
      <properties>
         <property name="deviceName" value=""/>
         <property name="devicePlatform" value=""/>
         <property name="logFolder" value="D:\\Katalon_Project\\API Demo Project 1\\Reports\\API Test Suite1\\20190307_145753"/>
         <property name="logFiles" value="D:\\Katalon_Project\\API Demo Project 1\\Reports\\API Test Suite1\\20190307_145753\\execution0.log"/>
         <property name="attachments" value=""/>
         <property name="hostName" value="03628 - SKCC17N00352.SKCC.NET"/>
         <property name="hostAddress" value="192.168.56.1"/>
         <property name="os" value="Windows 7 64bit"/>
         <property name="katalonVersion" value="6.0.5.4"/>
      </properties>
      <testcase name="Test Cases/VerifyContent" classname="Test Cases/VerifyContent" status="PASSED">
         <system-out><![CDATA[2019-03-07 14:57:58 - [TEST_CASE][PASSED] - Test Cases/VerifyContent: Test Cases/VerifyContent

2019-03-07 14:57:59 - [TEST_STEP][PASSED] - var2 = sendRequest(findTestObject("VerifyComment")): Send request successfully

2019-03-07 14:58:07 - [MESSAGE][INFO] - HAR: D:\Katalon_Project\API Demo Project 1\Reports\API Test Suite1\20190307_145753\requests\main\0.har

2019-03-07 14:58:07 - [MESSAGE][PASSED] - Send request successfully

2019-03-07 14:58:07 - [TEST_STEP][PASSED] - verifyElementPropertyValue(var2, "[4].name", "vero eaque aliquid doloribus et culpa"): Verify element property value successfully

2019-03-07 14:58:07 - [MESSAGE][PASSED] - Verify element property value successfully]]></system-out>
         <system-err><![CDATA[]]></system-err>
      </testcase>
      <testcase name="Test Cases/VerifyRequestCode" classname="Test Cases/VerifyRequestCode" status="PASSED">
         <system-out><![CDATA[2019-03-07 14:58:07 - [TEST_CASE][PASSED] - Test Cases/VerifyRequestCode: Test Cases/VerifyRequestCode

2019-03-07 14:58:07 - [TEST_STEP][PASSED] - var = sendRequest(findTestObject("VerifyComment")): Send request successfully

2019-03-07 14:58:08 - [MESSAGE][INFO] - HAR: D:\Katalon_Project\API Demo Project 1\Reports\API Test Suite1\20190307_145753\requests\main\1.har

2019-03-07 14:58:08 - [MESSAGE][PASSED] - Send request successfully

2019-03-07 14:58:08 - [TEST_STEP][PASSED] - verifyResponseStatusCode(var, 200): Verify response status code successfully

2019-03-07 14:58:08 - [MESSAGE][PASSED] - Verify response status code successfully]]></system-out>
         <system-err><![CDATA[]]></system-err>
      </testcase>
      <testcase name="Test Cases/VerifyPostRequest" classname="Test Cases/VerifyPostRequest" status="PASSED">
         <system-out><![CDATA[2019-03-07 14:58:08 - [TEST_CASE][PASSED] - Test Cases/VerifyPostRequest: Test Cases/VerifyPostRequest

2019-03-07 14:58:08 - [TEST_STEP][PASSED] - var3 = sendRequest(findTestObject("PostCommand")): Send request successfully

2019-03-07 14:58:08 - [MESSAGE][INFO] - HAR: D:\Katalon_Project\API Demo Project 1\Reports\API Test Suite1\20190307_145753\requests\main\2.har

2019-03-07 14:58:08 - [MESSAGE][PASSED] - Send request successfully

2019-03-07 14:58:08 - [TEST_STEP][PASSED] - verifyResponseStatusCode(var3, 201): Verify response status code successfully

2019-03-07 14:58:08 - [MESSAGE][PASSED] - Verify response status code successfully]]></system-out>
         <system-err><![CDATA[]]></system-err>
      </testcase>
      <testcase name="Test Cases/DeletePost" classname="Test Cases/DeletePost" status="PASSED">
         <system-out><![CDATA[2019-03-07 14:58:08 - [TEST_CASE][PASSED] - Test Cases/DeletePost: Test Cases/DeletePost

2019-03-07 14:58:09 - [TEST_STEP][PASSED] - var4 = sendRequest(findTestObject("DeleteCommands")): Send request successfully

2019-03-07 14:58:09 - [MESSAGE][INFO] - HAR: D:\Katalon_Project\API Demo Project 1\Reports\API Test Suite1\20190307_145753\requests\main\3.har

2019-03-07 14:58:09 - [MESSAGE][PASSED] - Send request successfully

2019-03-07 14:58:09 - [TEST_STEP][PASSED] - verifyResponseStatusCode(var4, 200): Verify response status code successfully

2019-03-07 14:58:09 - [MESSAGE][PASSED] - Verify response status code successfully]]></system-out>
         <system-err><![CDATA[]]></system-err>
      </testcase>
      <system-out><![CDATA[2019-03-07 14:57:58 - [TEST_SUITE][PASSED] - API Test Suite1: Test Cases/DeletePost]]></system-out>
      <system-err><![CDATA[]]></system-err>
   </testsuite>
</testsuites>
