<?xml version="1.0" encoding="UTF-8"?>
<testsuites name="API Test Suite1" time="8" tests="2" failures="0" errors="0">
   <testsuite name="API Test Suite1" tests="2" failures="0" errors="0" time="8" timestamp="2019-02-28 13:46:12" hostname="03628 - SKCC17N00352.SKCC.NET" id="Test Suites/API Test Suite1">
      <properties>
         <property name="deviceName" value=""/>
         <property name="devicePlatform" value=""/>
         <property name="logFolder" value="D:\\Katalon_Project\\API Demo Project 1\\Reports\\API Test Suite1\\20190228_134609"/>
         <property name="logFiles" value="D:\\Katalon_Project\\API Demo Project 1\\Reports\\API Test Suite1\\20190228_134609\\execution0.log"/>
         <property name="attachments" value=""/>
         <property name="hostName" value="03628 - SKCC17N00352.SKCC.NET"/>
         <property name="hostAddress" value="10.250.67.137"/>
         <property name="os" value="Windows 7 64bit"/>
         <property name="katalonVersion" value="5.10.1.1"/>
      </properties>
      <testcase name="Test Cases/VerifyContent" classname="Test Cases/VerifyContent" status="PASSED">
         <system-out><![CDATA[2019-02-28 13:46:13 - [TEST_CASE][PASSED] - Test Cases/VerifyContent: Test Cases/VerifyContent

2019-02-28 13:46:14 - [TEST_STEP][PASSED] - var2 = sendRequest(findTestObject("VerifyComment")): Send request successfully

2019-02-28 13:46:19 - [MESSAGE][INFO] - HAR: D:\Katalon_Project\API Demo Project 1\Reports\API Test Suite1\20190228_134609\requests\main\0.har

2019-02-28 13:46:20 - [MESSAGE][PASSED] - Send request successfully

2019-02-28 13:46:20 - [TEST_STEP][PASSED] - verifyElementPropertyValue(var2, "[4].name", "vero eaque aliquid doloribus et culpa"): Verify element property value successfully

2019-02-28 13:46:20 - [MESSAGE][PASSED] - Verify element property value successfully]]></system-out>
         <system-err><![CDATA[]]></system-err>
      </testcase>
      <testcase name="Test Cases/VerifyRequestCode" classname="Test Cases/VerifyRequestCode" status="PASSED">
         <system-out><![CDATA[2019-02-28 13:46:20 - [TEST_CASE][PASSED] - Test Cases/VerifyRequestCode: Test Cases/VerifyRequestCode

2019-02-28 13:46:20 - [TEST_STEP][PASSED] - var = sendRequest(findTestObject("VerifyComment")): Send request successfully

2019-02-28 13:46:20 - [MESSAGE][INFO] - HAR: D:\Katalon_Project\API Demo Project 1\Reports\API Test Suite1\20190228_134609\requests\main\1.har

2019-02-28 13:46:20 - [MESSAGE][PASSED] - Send request successfully

2019-02-28 13:46:20 - [TEST_STEP][PASSED] - verifyResponseStatusCode(var, 200): Verify response status code successfully

2019-02-28 13:46:20 - [MESSAGE][PASSED] - Verify response status code successfully]]></system-out>
         <system-err><![CDATA[]]></system-err>
      </testcase>
      <system-out><![CDATA[2019-02-28 13:46:12 - [TEST_SUITE][PASSED] - API Test Suite1: Test Cases/VerifyRequestCode]]></system-out>
      <system-err><![CDATA[]]></system-err>
   </testsuite>
</testsuites>
